<?xml version="1.0" encoding="UTF-8"?>
<!-- Generated by org.testng.reporters.JUnitXMLReporter -->
<testsuite hostname="VAIO" ignored="0" name="FirefoxTest" tests="1" failures="0" timestamp="21 Feb 2017 11:21:57 GMT" time="52.923" errors="0">
  <testcase name="@BeforeClass initApplication" time="0.0" classname="generics_component.BaseTest">
    <failure type="org.openqa.selenium.WebDriverException" message="Failed to connect to binary FirefoxBinary(C:\Program Files (x86)\Mozilla Firefox\firefox.exe) on port 7055; process output follows: 
le&amp;quot;:true,&amp;quot;active&amp;quot;:true,&amp;quot;userDisabled&amp;quot;:false,&amp;quot;appDisabled&amp;quot;:false,&amp;quot;descriptor&amp;quot;:&amp;quot;C:\\Program Files (x86)\\Mozilla Firefox\\browser\\extensions\\{972ce4c6-7e08-4474-a285-3208198ce6fd}.xpi&amp;quot;,&amp;quot;installDate&amp;quot;:1487235400313,&amp;quot;updateDate&amp;quot;:1487235400313,&amp;quot;applyBackgroundUpdates&amp;quot;:1,&amp;quot;skinnable&amp;quot;:true,&amp;quot;size&amp;quot;:19708,&amp;quot;sourceURI&amp;quot;:null,&amp;quot;releaseNotesURI&amp;quot;:null,&amp;quot;softDisabled&amp;quot;:false,&amp;quot;foreignInstall&amp;quot;:false,&amp;quot;hasBinaryComponents&amp;quot;:false,&amp;quot;strictCompatibility&amp;quot;:true,&amp;quot;locales&amp;quot;:[],&amp;quot;targetApplications&amp;quot;:[{&amp;quot;id&amp;quot;:&amp;quot;{ec8030f7-c20a-464f-9b0e-13a3a9e97384}&amp;quot;,&amp;quot;minVersion&amp;quot;:&amp;quot;51.0.1&amp;quot;,&amp;quot;maxVersion&amp;quot;:&amp;quot;51.0.1&amp;quot;}],&amp;quot;targetPlatforms&amp;quot;:[],&amp;quot;seen&amp;quot;:true,&amp;quot;dependencies&amp;quot;:[],&amp;quot;hasEmbeddedWebExtension&amp;quot;:false}
1487676070642	addons.xpi	DEBUG	getModTime: Recursive scan of {972ce4c6-7e08-4474-a285-3208198ce6fd}
1487676070645	DeferredSave.extensions.json	DEBUG	Save changes
1487676070645	addons.xpi	DEBUG	Updating database with changes to installed add-ons
1487676070645	addons.xpi-utils	DEBUG	Updating add-on states
1487676070647	addons.xpi-utils	DEBUG	Writing add-ons list
1487676070653	addons.xpi	DEBUG	Registering manifest for C:\Program Files (x86)\Mozilla Firefox\browser\features\aushelper@mozilla.org.xpi
1487676070654	addons.xpi	DEBUG	Calling bootstrap method startup on aushelper@mozilla.org version 1.0
1487676070658	addons.xpi	DEBUG	Registering manifest for C:\Program Files (x86)\Mozilla Firefox\browser\features\e10srollout@mozilla.org.xpi
1487676070659	addons.xpi	DEBUG	Calling bootstrap method startup on e10srollout@mozilla.org version 1.7
1487676070661	addons.xpi	DEBUG	Registering manifest for C:\Program Files (x86)\Mozilla Firefox\browser\features\firefox@getpocket.com.xpi
1487676070662	addons.xpi	DEBUG	Calling bootstrap method startup on firefox@getpocket.com version 1.0.5
1487676070664	addons.xpi	DEBUG	Registering manifest for C:\Program Files (x86)\Mozilla Firefox\browser\features\webcompat@mozilla.org.xpi
1487676070665	addons.xpi	DEBUG	Calling bootstrap method startup on webcompat@mozilla.org version 1.0
1487676070670	addons.manager	DEBUG	Registering shutdown blocker for XPIProvider
1487676070672	addons.manager	DEBUG	Provider finished startup: XPIProvider
1487676070673	addons.manager	DEBUG	Starting provider: LightweightThemeManager
1487676070673	addons.manager	DEBUG	Registering shutdown blocker for LightweightThemeManager
1487676070674	addons.manager	DEBUG	Provider finished startup: LightweightThemeManager
1487676070675	addons.manager	DEBUG	Starting provider: GMPProvider
1487676070728	addons.manager	DEBUG	Registering shutdown blocker for GMPProvider
1487676070728	addons.manager	DEBUG	Provider finished startup: GMPProvider
1487676070729	addons.manager	DEBUG	Starting provider: PluginProvider
1487676070730	addons.manager	DEBUG	Registering shutdown blocker for PluginProvider
1487676070731	addons.manager	DEBUG	Provider finished startup: PluginProvider
1487676070732	addons.manager	DEBUG	Completed startup sequence
1487676072618	addons.manager	DEBUG	Starting provider: &amp;lt;unnamed-provider&amp;gt;
1487676072619	addons.manager	DEBUG	Registering shutdown blocker for &amp;lt;unnamed-provider&amp;gt;
1487676072621	addons.manager	DEBUG	Provider finished startup: &amp;lt;unnamed-provider&amp;gt;
1487676073081	DeferredSave.extensions.json	DEBUG	Write succeeded
1487676073082	addons.xpi-utils	DEBUG	XPI Database saved, setting schema version preference to 19
1487676073082	DeferredSave.extensions.json	DEBUG	Starting timer
1487676073112	DeferredSave.extensions.json	DEBUG	Starting write
1487676073122	addons.repository	DEBUG	No addons.json found.
1487676073124	DeferredSave.addons.json	DEBUG	Save changes
1487676073131	DeferredSave.addons.json	DEBUG	Starting timer
1487676073235	addons.manager	DEBUG	Starting provider: PreviousExperimentProvider
1487676073235	addons.manager	DEBUG	Registering shutdown blocker for PreviousExperimentProvider
1487676073236	addons.manager	DEBUG	Provider finished startup: PreviousExperimentProvider
1487676073243	DeferredSave.addons.json	DEBUG	Starting write
1487676073275	DeferredSave.extensions.json	DEBUG	Write succeeded
1487676073334	DeferredSave.addons.json	DEBUG	Write succeeded

Build info: version: &amp;apos;2.52.0&amp;apos;, revision: &amp;apos;4c2593cfc3689a7fcd7be52549167e5ccc93ad28&amp;apos;, time: &amp;apos;2016-02-11 11:22:43&amp;apos;
System info: host: &amp;apos;VAIO&amp;apos;, ip: &amp;apos;192.168.1.6&amp;apos;, os.name: &amp;apos;Windows 8.1&amp;apos;, os.arch: &amp;apos;amd64&amp;apos;, os.version: &amp;apos;6.3&amp;apos;, java.version: &amp;apos;1.8.0_111&amp;apos;
Driver info: driver.version: FirefoxDriver">
      <![CDATA[org.openqa.selenium.WebDriverException: Failed to connect to binary FirefoxBinary(C:\Program Files (x86)\Mozilla Firefox\firefox.exe) on port 7055; process output follows: 
le":true,"active":true,"userDisabled":false,"appDisabled":false,"descriptor":"C:\\Program Files (x86)\\Mozilla Firefox\\browser\\extensions\\{972ce4c6-7e08-4474-a285-3208198ce6fd}.xpi","installDate":1487235400313,"updateDate":1487235400313,"applyBackgroundUpdates":1,"skinnable":true,"size":19708,"sourceURI":null,"releaseNotesURI":null,"softDisabled":false,"foreignInstall":false,"hasBinaryComponents":false,"strictCompatibility":true,"locales":[],"targetApplications":[{"id":"{ec8030f7-c20a-464f-9b0e-13a3a9e97384}","minVersion":"51.0.1","maxVersion":"51.0.1"}],"targetPlatforms":[],"seen":true,"dependencies":[],"hasEmbeddedWebExtension":false}
1487676070642	addons.xpi	DEBUG	getModTime: Recursive scan of {972ce4c6-7e08-4474-a285-3208198ce6fd}
1487676070645	DeferredSave.extensions.json	DEBUG	Save changes
1487676070645	addons.xpi	DEBUG	Updating database with changes to installed add-ons
1487676070645	addons.xpi-utils	DEBUG	Updating add-on states
1487676070647	addons.xpi-utils	DEBUG	Writing add-ons list
1487676070653	addons.xpi	DEBUG	Registering manifest for C:\Program Files (x86)\Mozilla Firefox\browser\features\aushelper@mozilla.org.xpi
1487676070654	addons.xpi	DEBUG	Calling bootstrap method startup on aushelper@mozilla.org version 1.0
1487676070658	addons.xpi	DEBUG	Registering manifest for C:\Program Files (x86)\Mozilla Firefox\browser\features\e10srollout@mozilla.org.xpi
1487676070659	addons.xpi	DEBUG	Calling bootstrap method startup on e10srollout@mozilla.org version 1.7
1487676070661	addons.xpi	DEBUG	Registering manifest for C:\Program Files (x86)\Mozilla Firefox\browser\features\firefox@getpocket.com.xpi
1487676070662	addons.xpi	DEBUG	Calling bootstrap method startup on firefox@getpocket.com version 1.0.5
1487676070664	addons.xpi	DEBUG	Registering manifest for C:\Program Files (x86)\Mozilla Firefox\browser\features\webcompat@mozilla.org.xpi
1487676070665	addons.xpi	DEBUG	Calling bootstrap method startup on webcompat@mozilla.org version 1.0
1487676070670	addons.manager	DEBUG	Registering shutdown blocker for XPIProvider
1487676070672	addons.manager	DEBUG	Provider finished startup: XPIProvider
1487676070673	addons.manager	DEBUG	Starting provider: LightweightThemeManager
1487676070673	addons.manager	DEBUG	Registering shutdown blocker for LightweightThemeManager
1487676070674	addons.manager	DEBUG	Provider finished startup: LightweightThemeManager
1487676070675	addons.manager	DEBUG	Starting provider: GMPProvider
1487676070728	addons.manager	DEBUG	Registering shutdown blocker for GMPProvider
1487676070728	addons.manager	DEBUG	Provider finished startup: GMPProvider
1487676070729	addons.manager	DEBUG	Starting provider: PluginProvider
1487676070730	addons.manager	DEBUG	Registering shutdown blocker for PluginProvider
1487676070731	addons.manager	DEBUG	Provider finished startup: PluginProvider
1487676070732	addons.manager	DEBUG	Completed startup sequence
1487676072618	addons.manager	DEBUG	Starting provider: <unnamed-provider>
1487676072619	addons.manager	DEBUG	Registering shutdown blocker for <unnamed-provider>
1487676072621	addons.manager	DEBUG	Provider finished startup: <unnamed-provider>
1487676073081	DeferredSave.extensions.json	DEBUG	Write succeeded
1487676073082	addons.xpi-utils	DEBUG	XPI Database saved, setting schema version preference to 19
1487676073082	DeferredSave.extensions.json	DEBUG	Starting timer
1487676073112	DeferredSave.extensions.json	DEBUG	Starting write
1487676073122	addons.repository	DEBUG	No addons.json found.
1487676073124	DeferredSave.addons.json	DEBUG	Save changes
1487676073131	DeferredSave.addons.json	DEBUG	Starting timer
1487676073235	addons.manager	DEBUG	Starting provider: PreviousExperimentProvider
1487676073235	addons.manager	DEBUG	Registering shutdown blocker for PreviousExperimentProvider
1487676073236	addons.manager	DEBUG	Provider finished startup: PreviousExperimentProvider
1487676073243	DeferredSave.addons.json	DEBUG	Starting write
1487676073275	DeferredSave.extensions.json	DEBUG	Write succeeded
1487676073334	DeferredSave.addons.json	DEBUG	Write succeeded

Build info: version: '2.52.0', revision: '4c2593cfc3689a7fcd7be52549167e5ccc93ad28', time: '2016-02-11 11:22:43'
System info: host: 'VAIO', ip: '192.168.1.6', os.name: 'Windows 8.1', os.arch: 'amd64', os.version: '6.3', java.version: '1.8.0_111'
Driver info: driver.version: FirefoxDriver
	at org.openqa.selenium.firefox.internal.NewProfileExtensionConnection.start(NewProfileExtensionConnection.java:125)
	at org.openqa.selenium.firefox.FirefoxDriver.startClient(FirefoxDriver.java:271)
	at org.openqa.selenium.remote.RemoteWebDriver.<init>(RemoteWebDriver.java:119)
	at org.openqa.selenium.firefox.FirefoxDriver.<init>(FirefoxDriver.java:216)
	at org.openqa.selenium.firefox.FirefoxDriver.<init>(FirefoxDriver.java:211)
	at org.openqa.selenium.firefox.FirefoxDriver.<init>(FirefoxDriver.java:207)
	at org.openqa.selenium.firefox.FirefoxDriver.<init>(FirefoxDriver.java:120)
	at generics_component.BaseTest.initApplication(Unknown Source)
Caused by: org.openqa.selenium.firefox.NotConnectedException: Unable to connect to host 127.0.0.1 on port 7055 after 45000 ms. Firefox console output:
le":true,"active":true,"userDisabled":false,"appDisabled":false,"descriptor":"C:\\Program Files (x86)\\Mozilla Firefox\\browser\\extensions\\{972ce4c6-7e08-4474-a285-3208198ce6fd}.xpi","installDate":1487235400313,"updateDate":1487235400313,"applyBackgroundUpdates":1,"skinnable":true,"size":19708,"sourceURI":null,"releaseNotesURI":null,"softDisabled":false,"foreignInstall":false,"hasBinaryComponents":false,"strictCompatibility":true,"locales":[],"targetApplications":[{"id":"{ec8030f7-c20a-464f-9b0e-13a3a9e97384}","minVersion":"51.0.1","maxVersion":"51.0.1"}],"targetPlatforms":[],"seen":true,"dependencies":[],"hasEmbeddedWebExtension":false}
1487676070642	addons.xpi	DEBUG	getModTime: Recursive scan of {972ce4c6-7e08-4474-a285-3208198ce6fd}
1487676070645	DeferredSave.extensions.json	DEBUG	Save changes
1487676070645	addons.xpi	DEBUG	Updating database with changes to installed add-ons
1487676070645	addons.xpi-utils	DEBUG	Updating add-on states
1487676070647	addons.xpi-utils	DEBUG	Writing add-ons list
1487676070653	addons.xpi	DEBUG	Registering manifest for C:\Program Files (x86)\Mozilla Firefox\browser\features\aushelper@mozilla.org.xpi
1487676070654	addons.xpi	DEBUG	Calling bootstrap method startup on aushelper@mozilla.org version 1.0
1487676070658	addons.xpi	DEBUG	Registering manifest for C:\Program Files (x86)\Mozilla Firefox\browser\features\e10srollout@mozilla.org.xpi
1487676070659	addons.xpi	DEBUG	Calling bootstrap method startup on e10srollout@mozilla.org version 1.7
1487676070661	addons.xpi	DEBUG	Registering manifest for C:\Program Files (x86)\Mozilla Firefox\browser\features\firefox@getpocket.com.xpi
1487676070662	addons.xpi	DEBUG	Calling bootstrap method startup on firefox@getpocket.com version 1.0.5
1487676070664	addons.xpi	DEBUG	Registering manifest for C:\Program Files (x86)\Mozilla Firefox\browser\features\webcompat@mozilla.org.xpi
1487676070665	addons.xpi	DEBUG	Calling bootstrap method startup on webcompat@mozilla.org version 1.0
1487676070670	addons.manager	DEBUG	Registering shutdown blocker for XPIProvider
1487676070672	addons.manager	DEBUG	Provider finished startup: XPIProvider
1487676070673	addons.manager	DEBUG	Starting provider: LightweightThemeManager
1487676070673	addons.manager	DEBUG	Registering shutdown blocker for LightweightThemeManager
1487676070674	addons.manager	DEBUG	Provider finished startup: LightweightThemeManager
1487676070675	addons.manager	DEBUG	Starting provider: GMPProvider
1487676070728	addons.manager	DEBUG	Registering shutdown blocker for GMPProvider
1487676070728	addons.manager	DEBUG	Provider finished startup: GMPProvider
1487676070729	addons.manager	DEBUG	Starting provider: PluginProvider
1487676070730	addons.manager	DEBUG	Registering shutdown blocker for PluginProvider
1487676070731	addons.manager	DEBUG	Provider finished startup: PluginProvider
1487676070732	addons.manager	DEBUG	Completed startup sequence
1487676072618	addons.manager	DEBUG	Starting provider: <unnamed-provider>
1487676072619	addons.manager	DEBUG	Registering shutdown blocker for <unnamed-provider>
1487676072621	addons.manager	DEBUG	Provider finished startup: <unnamed-provider>
1487676073081	DeferredSave.extensions.json	DEBUG	Write succeeded
1487676073082	addons.xpi-utils	DEBUG	XPI Database saved, setting schema version preference to 19
1487676073082	DeferredSave.extensions.json	DEBUG	Starting timer
1487676073112	DeferredSave.extensions.json	DEBUG	Starting write
1487676073122	addons.repository	DEBUG	No addons.json found.
1487676073124	DeferredSave.addons.json	DEBUG	Save changes
1487676073131	DeferredSave.addons.json	DEBUG	Starting timer
1487676073235	addons.manager	DEBUG	Starting provider: PreviousExperimentProvider
1487676073235	addons.manager	DEBUG	Registering shutdown blocker for PreviousExperimentProvider
1487676073236	addons.manager	DEBUG	Provider finished startup: PreviousExperimentProvider
1487676073243	DeferredSave.addons.json	DEBUG	Starting write
1487676073275	DeferredSave.extensions.json	DEBUG	Write succeeded
1487676073334	DeferredSave.addons.json	DEBUG	Write succeeded

	at org.openqa.selenium.firefox.internal.NewProfileExtensionConnection.start(NewProfileExtensionConnection.java:113)
	... 31 more
... Removed 24 stack frames]]>
    </failure>
  </testcase> <!-- @BeforeClass initApplication -->
  <testcase name="@BeforeMethod preCondition" time="0.0" classname="generics_component.BaseTest">
    <skipped/>
  </testcase> <!-- @BeforeMethod preCondition -->
  <testcase name="@AfterMethod postCondition" time="0.0" classname="generics_component.BaseTest">
    <skipped/>
  </testcase> <!-- @AfterMethod postCondition -->
  <testcase name="@AfterClass closeApplication" time="0.0" classname="generics_component.BaseTest">
    <skipped/>
  </testcase> <!-- @AfterClass closeApplication -->
  <testcase name="@AfterTest closeBrowser" time="0.0" classname="generics_component.BaseTest">
    <skipped/>
  </testcase> <!-- @AfterTest closeBrowser -->
  <testcase name="testLoginLogout" time="0.001" classname="pageObject_Component.VerifyLoginLogout">
    <skipped/>
  </testcase> <!-- testLoginLogout -->
</testsuite> <!-- FirefoxTest -->
